{
  "RSpec": {
    "coverage": {
      "/Users/jared/personal/rails_coding_quiz/app/helpers/application_helper.rb": [
        1,
        null
      ],
      "/Users/jared/personal/rails_coding_quiz/app/helpers/tacos_helper.rb": [
        1,
        null
      ],
      "/Users/jared/personal/rails_coding_quiz/app/controllers/tacos_controller.rb": [
        1,
        1,
        1,
        null,
        null,
        null,
        1,
        2,
        null,
        null,
        null,
        null,
        1,
        null,
        null,
        null,
        1,
        0,
        null,
        null,
        null,
        1,
        null,
        null,
        null,
        null,
        null,
        1,
        0,
        null,
        0,
        0,
        null,
        0,
        null,
        0,
        0,
        null,
        null,
        null,
        null,
        null,
        null,
        1,
        null,
        null,
        null,
        null,
        null,
        1,
        0,
        0,
        0,
        0,
        null,
        null,
        null,
        1,
        null,
        1,
        0,
        null,
        null,
        null,
        1,
        0,
        null,
        null
      ],
      "/Users/jared/personal/rails_coding_quiz/app/controllers/application_controller.rb": [
        1,
        null,
        null,
        1,
        null
      ],
      "/Users/jared/personal/rails_coding_quiz/app/models/taco.rb": [
        1,
        null,
        null,
        null,
        null,
        null,
        null,
        1,
        null,
        null
      ]
    },
    "timestamp": 1523393650
  }
}
